********************************************************************************
DUPLICATOR-LITE PACKAGE-LOG: December 16, 2020 7:19 am
NOTICE: Do NOT post to public sites or forums 
********************************************************************************
VERSION:	1.3.40.1
WORDPRESS:	5.6
PHP INFO:	5.6.35 | SAPI: apache2handler
SERVER:		Apache/2.4.33 (Win64) PHP/5.6.35 
PHP TIME LIMIT: (0) no time limit imposed 
PHP MAX MEMORY: 4294967296 (5000M default) 
MEMORY STACK: 75.75MB

********************************************************************************
DATABASE:
********************************************************************************
BUILD MODE:   PHP(query limit - 100)
MYSQLTIMEOUT: 5000
MYSQLDUMP:    Not Supported
TABLES: total:41 | filtered:0 | create:41
FILTERED: []
SQL CREATED: blackouro_912ba28a46cf4eea8989_20201216071847_database.sql
SQL FILE SIZE: 3.25MB (3405402)
SQL FILE TIME: 2020-12-16 07:19:20
SQL RUNTIME: 1.60 sec.

********************************************************************************
ARCHIVE (ZIP):
********************************************************************************
ARCHIVE DIR:  C:/wamp64/www/wp/BlackOuro
ARCHIVE FILE: blackouro_912ba28a46cf4eea8989_20201216071847_archive.zip
FILTERS: *OFF*
DIRS:
	not set
FILES:
	not set
EXTS:  not set
----------------------------------------
COMPRESSING
SIZE:	194.37MB
STATS:	Dirs 2,133 | Files 11,866
SQL ADDED: blackouro_912ba28a46cf4eea8989_20201216071847_database.sql
ZipArchive Object
(
    [status] => 0
    [statusSys] => 0
    [numFiles] => 13999
    [filename] => C:\wamp64\www\wp\BlackOuro\wp-content\backups-dup-lite\tmp\blackouro_912ba28a46cf4eea8989_20201216071847_archive.zip
    [comment] => 
)

FILE ADDED TO ZIP: 13998
COMPRESSION RESULT: '1'
COMPRESSED SIZE: 96.95MB
ARCHIVE RUNTIME: 124.76 sec.
MEMORY STACK: 81.5MB
building installer
add_extra_files1
add_extra_files2
add_extra_files3
add_extra_files4
Doing archive file check
add_extra_files5
add_extra_files6
add_extra_files8
Successfully opened zip C:/wamp64/www/wp/BlackOuro/wp-content/backups-dup-lite/tmp/blackouro_912ba28a46cf4eea8989_20201216071847_archive.zip
Adding enhanced installer files to archive using ZipArchive
Installer files added to archive
Added to archive
After ziparchive close when adding installer

********************************************************************************
INTEGRITY CHECKS:
********************************************************************************
SQL FILE: 3.25MB
INSTALLER FILE: 61.28KB
ARCHIVE FILE: 98.51MB 
EXPECTED FILE/DIRECTORY COUNT: 13,999
ACTUAL FILE/DIRECTORY COUNT: 13,998
ARCHIVE CONSISTENCY TEST: Pass

********************************************************************************
RECORD ID:[1]
TOTAL PROCESS RUNTIME: 127.75 sec.
PEAK PHP MEMORY USED: 88.5MB
DONE PROCESSING => blackouro December 16, 2020 7:21 am

